mode: set
example-project/datasource/databaseClient.go:32.43,40.2 3 0
example-project/datasource/databaseClient.go:42.79,47.16 5 0
example-project/datasource/databaseClient.go:50.2,50.18 1 0
example-project/datasource/databaseClient.go:47.16,49.3 1 0
example-project/datasource/databaseClient.go:53.72,58.16 5 0
example-project/datasource/databaseClient.go:61.2,61.18 1 0
example-project/datasource/databaseClient.go:58.16,60.3 1 0
example-project/datasource/databaseClient.go:64.59,67.16 3 0
example-project/datasource/databaseClient.go:70.2,71.35 2 0
example-project/datasource/databaseClient.go:79.2,79.21 1 0
example-project/datasource/databaseClient.go:83.2,83.19 1 0
example-project/datasource/databaseClient.go:67.16,69.3 1 0
example-project/datasource/databaseClient.go:71.35,74.17 3 0
example-project/datasource/databaseClient.go:77.3,77.30 1 0
example-project/datasource/databaseClient.go:74.17,76.4 1 0
example-project/datasource/databaseClient.go:79.21,82.3 2 0
example-project/datasource/databaseClient.go:86.88,91.16 5 0
example-project/datasource/databaseClient.go:94.2,96.16 3 0
example-project/datasource/databaseClient.go:99.2,100.39 2 0
example-project/datasource/databaseClient.go:109.2,109.25 1 0
example-project/datasource/databaseClient.go:91.16,93.3 1 0
example-project/datasource/databaseClient.go:96.16,98.3 1 0
example-project/datasource/databaseClient.go:100.39,103.17 3 0
example-project/datasource/databaseClient.go:106.3,106.48 1 0
example-project/datasource/databaseClient.go:103.17,105.4 1 0
example-project/datasource/databaseClient.go:113.76,116.16 3 0
example-project/datasource/databaseClient.go:119.2,120.39 2 0
example-project/datasource/databaseClient.go:129.2,129.25 1 0
example-project/datasource/databaseClient.go:116.16,118.3 1 0
example-project/datasource/databaseClient.go:120.39,123.17 3 0
example-project/datasource/databaseClient.go:126.3,126.48 1 0
example-project/datasource/databaseClient.go:123.17,125.4 1 0
example-project/datasource/databaseClient.go:133.67,135.16 2 0
example-project/datasource/databaseClient.go:138.2,138.32 1 0
example-project/datasource/databaseClient.go:135.16,137.3 1 0
example-project/datasource/databaseClient.go:141.91,143.16 2 0
example-project/datasource/databaseClient.go:146.2,146.20 1 0
example-project/datasource/databaseClient.go:143.16,145.3 1 0
example-project/datasource/databaseClient.go:149.72,152.16 3 0
example-project/datasource/databaseClient.go:155.2,155.36 1 0
example-project/datasource/databaseClient.go:159.2,159.26 1 0
example-project/datasource/databaseClient.go:152.16,154.3 1 0
example-project/datasource/databaseClient.go:155.36,158.3 2 0
example-project/datasource/databaseClient.go:162.75,166.16 4 0
example-project/datasource/databaseClient.go:169.2,170.37 2 0
example-project/datasource/databaseClient.go:179.2,179.33 1 0
example-project/datasource/databaseClient.go:182.2,182.25 1 0
example-project/datasource/databaseClient.go:166.16,168.3 1 0
example-project/datasource/databaseClient.go:170.37,174.17 3 0
example-project/datasource/databaseClient.go:177.3,177.46 1 0
example-project/datasource/databaseClient.go:174.17,176.4 1 0
example-project/datasource/databaseClient.go:179.33,181.3 1 0
example-project/datasource/databaseClient.go:185.92,189.16 4 0
example-project/datasource/databaseClient.go:192.2,193.37 2 0
example-project/datasource/databaseClient.go:202.2,202.33 1 0
example-project/datasource/databaseClient.go:205.2,205.25 1 0
example-project/datasource/databaseClient.go:189.16,191.3 1 0
example-project/datasource/databaseClient.go:193.37,197.17 3 0
example-project/datasource/databaseClient.go:200.3,200.46 1 0
example-project/datasource/databaseClient.go:197.17,199.4 1 0
example-project/datasource/databaseClient.go:202.33,204.3 1 0
example-project/datasource/databaseClient.go:208.72,210.16 2 0
example-project/datasource/databaseClient.go:214.2,214.33 1 0
example-project/datasource/databaseClient.go:210.16,213.3 2 0
example-project/datasource/databaseClient.go:217.96,223.16 3 0
example-project/datasource/databaseClient.go:227.2,227.31 1 0
example-project/datasource/databaseClient.go:231.2,231.21 1 0
example-project/datasource/databaseClient.go:223.16,226.3 1 0
example-project/datasource/databaseClient.go:227.31,230.3 2 0
example-project/datasource/databaseClient.go:234.97,237.25 2 0
example-project/datasource/databaseClient.go:241.2,244.27 4 0
example-project/datasource/databaseClient.go:248.2,249.31 2 0
example-project/datasource/databaseClient.go:252.2,252.29 1 0
example-project/datasource/databaseClient.go:255.2,255.23 1 0
example-project/datasource/databaseClient.go:258.2,258.25 1 0
example-project/datasource/databaseClient.go:262.2,266.16 3 0
example-project/datasource/databaseClient.go:270.2,270.20 1 0
example-project/datasource/databaseClient.go:237.25,240.3 2 0
example-project/datasource/databaseClient.go:244.27,247.3 2 0
example-project/datasource/databaseClient.go:249.31,251.3 1 0
example-project/datasource/databaseClient.go:252.29,254.3 1 0
example-project/datasource/databaseClient.go:255.23,257.3 1 0
example-project/datasource/databaseClient.go:258.25,260.3 1 0
example-project/datasource/databaseClient.go:266.16,269.3 1 0
example-project/datasource/databaseClient.go:273.77,276.16 2 0
example-project/datasource/databaseClient.go:279.2,279.20 1 0
example-project/datasource/databaseClient.go:276.16,278.3 1 0
example-project/datasource/databaseClient.go:282.90,285.25 2 0
example-project/datasource/databaseClient.go:289.2,292.16 4 0
example-project/datasource/databaseClient.go:295.2,297.26 2 0
example-project/datasource/databaseClient.go:302.2,302.25 1 0
example-project/datasource/databaseClient.go:307.2,307.28 1 0
example-project/datasource/databaseClient.go:312.2,312.33 1 0
example-project/datasource/databaseClient.go:317.2,317.31 1 0
example-project/datasource/databaseClient.go:321.2,321.26 1 0
example-project/datasource/databaseClient.go:326.2,331.16 3 0
example-project/datasource/databaseClient.go:335.2,335.20 1 0
example-project/datasource/databaseClient.go:285.25,288.3 2 0
example-project/datasource/databaseClient.go:292.16,294.3 1 0
example-project/datasource/databaseClient.go:297.26,300.3 2 0
example-project/datasource/databaseClient.go:302.25,305.3 2 0
example-project/datasource/databaseClient.go:307.28,310.3 2 0
example-project/datasource/databaseClient.go:312.33,315.3 2 0
example-project/datasource/databaseClient.go:317.31,320.3 2 0
example-project/datasource/databaseClient.go:321.26,324.3 2 0
example-project/datasource/databaseClient.go:331.16,334.3 1 0
example-project/datasource/databaseClient.go:337.63,342.16 4 0
example-project/datasource/databaseClient.go:345.2,345.35 1 0
example-project/datasource/databaseClient.go:353.2,353.20 1 0
example-project/datasource/databaseClient.go:342.16,344.3 1 0
example-project/datasource/databaseClient.go:345.35,348.17 3 0
example-project/datasource/databaseClient.go:351.3,351.47 1 0
example-project/datasource/databaseClient.go:348.17,350.4 1 0
example-project/datasource/databaseClient.go:356.82,359.16 3 0
example-project/datasource/databaseClient.go:362.2,362.35 1 0
example-project/datasource/databaseClient.go:370.2,370.25 1 0
example-project/datasource/databaseClient.go:359.16,361.3 1 0
example-project/datasource/databaseClient.go:362.35,365.17 3 0
example-project/datasource/databaseClient.go:368.3,368.47 1 0
example-project/datasource/databaseClient.go:365.17,367.4 1 0
example-project/datasource/databaseClient.go:373.94,379.16 3 0
example-project/datasource/databaseClient.go:383.2,383.31 1 0
example-project/datasource/databaseClient.go:387.2,387.34 1 0
example-project/datasource/databaseClient.go:379.16,382.3 1 0
example-project/datasource/databaseClient.go:383.31,386.3 2 0
example-project/datasource/databaseClient.go:389.62,395.16 4 0
example-project/datasource/databaseClient.go:398.2,398.35 1 0
example-project/datasource/databaseClient.go:411.2,411.25 1 0
example-project/datasource/databaseClient.go:395.16,397.3 1 0
example-project/datasource/databaseClient.go:398.35,401.17 3 0
example-project/datasource/databaseClient.go:404.3,404.47 1 0
example-project/datasource/databaseClient.go:401.17,403.4 1 0
example-project/handler/handler.go:53.60,57.2 1 1
example-project/handler/handler.go:58.55,63.16 3 1
example-project/handler/handler.go:69.2,71.16 2 1
example-project/handler/handler.go:77.2,77.33 1 1
example-project/handler/handler.go:63.16,68.3 2 1
example-project/handler/handler.go:71.16,76.3 2 1
example-project/handler/handler.go:80.74,83.16 2 1
example-project/handler/handler.go:89.2,89.39 1 0
example-project/handler/handler.go:83.16,88.3 2 1
example-project/handler/handler.go:93.62,95.9 2 1
example-project/handler/handler.go:99.2,100.21 2 1
example-project/handler/handler.go:104.2,106.16 3 1
example-project/handler/handler.go:112.2,113.16 2 1
example-project/handler/handler.go:117.2,117.27 1 1
example-project/handler/handler.go:95.9,98.3 2 1
example-project/handler/handler.go:100.21,103.3 2 1
example-project/handler/handler.go:106.16,111.3 2 1
example-project/handler/handler.go:113.16,116.3 2 0
example-project/handler/handler.go:119.53,121.9 2 1
example-project/handler/handler.go:128.2,130.2 3 1
example-project/handler/handler.go:133.2,133.33 1 1
example-project/handler/handler.go:121.9,126.3 2 1
example-project/handler/handler.go:130.2,132.3 1 1
example-project/handler/handler.go:138.56,141.9 2 1
example-project/handler/handler.go:148.2,150.9 2 0
example-project/handler/handler.go:157.2,159.16 2 0
example-project/handler/handler.go:166.2,168.16 2 0
example-project/handler/handler.go:174.2,174.33 1 0
example-project/handler/handler.go:141.9,147.3 2 1
example-project/handler/handler.go:150.9,156.3 2 0
example-project/handler/handler.go:159.16,165.3 2 0
example-project/handler/handler.go:168.16,173.3 2 0
example-project/handler/handler.go:179.56,182.16 2 1
example-project/handler/handler.go:188.2,189.8 2 1
example-project/handler/handler.go:182.16,187.3 2 1
example-project/handler/handler.go:192.55,194.9 2 1
example-project/handler/handler.go:200.2,201.16 2 1
example-project/handler/handler.go:207.2,208.8 2 1
example-project/handler/handler.go:194.9,199.3 2 1
example-project/handler/handler.go:201.16,206.3 2 1
example-project/handler/handler.go:212.58,214.16 2 1
example-project/handler/handler.go:220.2,221.8 2 1
example-project/handler/handler.go:214.16,219.3 2 1
example-project/handler/handler.go:225.61,228.22 3 1
example-project/handler/handler.go:234.2,234.10 1 1
example-project/handler/handler.go:244.2,244.12 1 1
example-project/handler/handler.go:228.22,233.3 2 1
example-project/handler/handler.go:234.10,236.17 2 1
example-project/handler/handler.go:242.3,242.32 1 1
example-project/handler/handler.go:236.17,241.4 2 1
example-project/handler/handler.go:244.12,246.17 2 1
example-project/handler/handler.go:252.3,252.32 1 1
example-project/handler/handler.go:246.17,251.4 2 1
example-project/handler/handler.go:257.58,262.16 5 1
example-project/handler/handler.go:268.2,269.16 2 1
example-project/handler/handler.go:275.2,275.36 1 1
example-project/handler/handler.go:262.16,267.3 2 1
example-project/handler/handler.go:269.16,274.3 2 1
example-project/handler/handler.go:278.58,284.16 6 1
example-project/handler/handler.go:303.2,305.16 3 1
example-project/handler/handler.go:312.2,313.8 2 1
example-project/handler/handler.go:284.16,286.17 2 1
example-project/handler/handler.go:292.3,293.17 2 1
example-project/handler/handler.go:300.3,301.9 2 1
example-project/handler/handler.go:286.17,291.4 2 1
example-project/handler/handler.go:293.17,299.4 2 1
example-project/handler/handler.go:305.16,311.3 2 1
example-project/handler/handler.go:316.58,318.9 2 1
example-project/handler/handler.go:324.2,325.16 2 1
example-project/handler/handler.go:331.2,331.31 1 1
example-project/handler/handler.go:318.9,323.3 2 1
example-project/handler/handler.go:325.16,330.3 2 1
example-project/handler/handler.go:334.57,339.16 5 1
example-project/handler/handler.go:345.2,346.16 2 1
example-project/handler/handler.go:352.2,354.4 1 1
example-project/handler/handler.go:339.16,344.3 2 1
example-project/handler/handler.go:346.16,351.3 2 1
example-project/handler/handler.go:373.60,375.23 2 1
example-project/handler/handler.go:381.2,384.16 4 1
example-project/handler/handler.go:390.2,392.4 1 1
example-project/handler/handler.go:375.23,380.3 2 1
example-project/handler/handler.go:384.16,389.3 2 1
example-project/handler/handler.go:397.55,402.16 3 1
example-project/handler/handler.go:409.2,409.31 1 1
example-project/handler/handler.go:402.16,407.3 2 1
example-project/handler/handler.go:411.61,414.23 2 1
example-project/handler/handler.go:420.2,423.16 4 1
example-project/handler/handler.go:429.2,433.16 4 1
example-project/handler/handler.go:439.2,440.8 2 1
example-project/handler/handler.go:414.23,419.3 2 1
example-project/handler/handler.go:423.16,428.3 2 1
example-project/handler/handler.go:433.16,438.3 2 0
example-project/handler/handler.go:445.62,449.11 2 1
example-project/handler/handler.go:456.2,458.13 2 1
example-project/handler/handler.go:466.2,467.24 2 1
example-project/handler/handler.go:473.2,473.27 1 1
example-project/handler/handler.go:449.11,454.3 2 1
example-project/handler/handler.go:458.13,464.3 3 1
example-project/handler/handler.go:467.24,472.3 2 1
example-project/handler/handler.go:476.63,478.11 2 1
example-project/handler/handler.go:486.2,487.16 2 1
example-project/handler/handler.go:494.2,495.8 2 1
example-project/handler/handler.go:478.11,484.3 3 1
example-project/handler/handler.go:487.16,492.3 2 1
example-project/handler/handler.go:499.63,501.9 2 1
example-project/handler/handler.go:508.2,510.16 3 1
example-project/handler/handler.go:517.2,518.16 2 1
example-project/handler/handler.go:524.2,524.23 1 1
example-project/handler/handler.go:501.9,506.3 2 1
example-project/handler/handler.go:510.16,515.3 2 1
example-project/handler/handler.go:518.16,523.3 2 1
example-project/handler/handler.go:527.63,530.13 2 1
example-project/handler/handler.go:538.2,540.16 3 1
example-project/handler/handler.go:547.2,549.16 2 0
example-project/handler/handler.go:555.2,555.23 1 0
example-project/handler/handler.go:530.13,536.3 3 1
example-project/handler/handler.go:540.16,545.3 2 1
example-project/handler/handler.go:549.16,554.3 2 0
example-project/handler/handler.go:558.63,561.16 2 1
example-project/handler/handler.go:567.2,567.31 1 1
example-project/handler/handler.go:561.16,566.3 2 1
example-project/handler/handler.go:570.64,572.15 2 1
example-project/handler/handler.go:578.2,579.16 2 1
example-project/handler/handler.go:585.2,585.31 1 1
example-project/handler/handler.go:572.15,577.3 2 1
example-project/handler/handler.go:579.16,584.3 2 1
example-project/middleware/middleware.go:11.59,18.30 7 1
example-project/middleware/middleware.go:22.2,23.15 2 1
example-project/middleware/middleware.go:18.30,20.3 1 1
example-project/middleware/middleware.go:26.71,31.30 3 1
example-project/middleware/middleware.go:31.30,33.3 1 1
example-project/utilities/utilities.go:20.90,21.24 1 1
example-project/utilities/utilities.go:42.2,42.14 1 0
example-project/utilities/utilities.go:21.24,24.34 2 1
example-project/utilities/utilities.go:27.3,27.153 1 1
example-project/utilities/utilities.go:31.3,31.65 1 0
example-project/utilities/utilities.go:34.3,34.65 1 0
example-project/utilities/utilities.go:37.3,37.65 1 0
example-project/utilities/utilities.go:24.34,26.4 1 0
example-project/utilities/utilities.go:27.153,29.4 1 1
example-project/utilities/utilities.go:31.65,33.4 1 0
example-project/utilities/utilities.go:34.65,36.4 1 0
example-project/utilities/utilities.go:37.65,39.4 1 0
example-project/utilities/utilities.go:45.57,46.24 1 1
example-project/utilities/utilities.go:52.2,52.14 1 1
example-project/utilities/utilities.go:46.24,48.73 2 1
example-project/utilities/utilities.go:48.73,50.4 1 1
example-project/utilities/utilities.go:55.64,56.146 1 1
example-project/utilities/utilities.go:60.2,60.146 1 1
example-project/utilities/utilities.go:64.2,64.14 1 1
example-project/utilities/utilities.go:56.146,58.3 1 0
example-project/utilities/utilities.go:60.146,62.3 1 0
example-project/utilities/utilities.go:67.79,76.2 3 1
example-project/utilities/utilities.go:78.90,81.28 2 1
example-project/utilities/utilities.go:112.2,112.23 1 1
example-project/utilities/utilities.go:81.28,83.17 2 1
example-project/utilities/utilities.go:86.3,87.17 2 1
example-project/utilities/utilities.go:90.3,92.27 3 1
example-project/utilities/utilities.go:96.3,105.17 2 1
example-project/utilities/utilities.go:109.3,109.45 1 1
example-project/utilities/utilities.go:83.17,85.4 1 0
example-project/utilities/utilities.go:87.17,89.4 1 0
example-project/utilities/utilities.go:92.27,94.4 1 0
example-project/utilities/utilities.go:105.17,108.4 2 0
example-project/utilities/utilities.go:115.54,124.2 4 1
example-project/utilities/utilities.go:126.69,128.97 2 1
example-project/utilities/utilities.go:131.2,131.16 1 1
example-project/utilities/utilities.go:134.2,134.29 1 0
example-project/utilities/utilities.go:128.97,130.3 1 0
example-project/utilities/utilities.go:131.16,133.3 1 1
example-project/utilities/utilities.go:137.87,141.6 2 1
example-project/utilities/utilities.go:178.2,178.27 1 1
example-project/utilities/utilities.go:181.2,184.20 2 1
example-project/utilities/utilities.go:141.6,142.10 1 1
example-project/utilities/utilities.go:143.29,145.23 2 1
example-project/utilities/utilities.go:146.28,148.22 2 1
example-project/utilities/utilities.go:149.25,151.19 2 1
example-project/utilities/utilities.go:152.24,154.18 2 1
example-project/utilities/utilities.go:155.31,157.25 2 0
example-project/utilities/utilities.go:158.31,160.25 2 1
example-project/utilities/utilities.go:161.28,163.22 2 1
example-project/utilities/utilities.go:164.28,166.22 2 1
example-project/utilities/utilities.go:167.49,169.19 2 1
example-project/utilities/utilities.go:170.32,172.30 2 1
example-project/utilities/utilities.go:173.11,174.18 1 1
example-project/utilities/utilities.go:178.27,180.3 1 1
example-project/utilities/utilities.go:187.51,189.23 2 1
example-project/utilities/utilities.go:197.2,197.13 1 1
example-project/utilities/utilities.go:189.23,191.85 1 1
example-project/utilities/utilities.go:194.3,194.36 1 1
example-project/utilities/utilities.go:191.85,193.4 1 1
example-project/utilities/utilities.go:200.91,208.12 8 1
example-project/utilities/utilities.go:211.2,212.14 2 1
example-project/utilities/utilities.go:216.2,218.13 3 1
example-project/utilities/utilities.go:228.2,228.11 1 1
example-project/utilities/utilities.go:237.2,294.15 4 1
example-project/utilities/utilities.go:302.2,302.21 1 1
example-project/utilities/utilities.go:208.12,210.3 1 1
example-project/utilities/utilities.go:212.14,214.3 1 1
example-project/utilities/utilities.go:218.13,220.17 2 0
example-project/utilities/utilities.go:220.17,222.4 1 0
example-project/utilities/utilities.go:224.8,226.3 1 1
example-project/utilities/utilities.go:228.11,230.17 2 0
example-project/utilities/utilities.go:230.17,232.4 1 0
example-project/utilities/utilities.go:233.8,235.3 1 1
example-project/utilities/utilities.go:294.15,295.29 1 1
example-project/utilities/utilities.go:298.3,298.29 1 1
example-project/utilities/utilities.go:295.29,297.4 1 1
example-project/utilities/utilities.go:298.29,300.4 1 1
example-project/utilities/utilities.go:305.63,308.15 3 1
example-project/utilities/utilities.go:311.2,315.13 4 1
example-project/utilities/utilities.go:322.2,322.11 1 1
example-project/utilities/utilities.go:329.2,329.22 1 1
example-project/utilities/utilities.go:341.2,341.20 1 1
example-project/utilities/utilities.go:308.15,310.3 1 1
example-project/utilities/utilities.go:315.13,317.17 2 1
example-project/utilities/utilities.go:320.3,320.45 1 1
example-project/utilities/utilities.go:317.17,319.4 1 1
example-project/utilities/utilities.go:322.11,324.17 2 1
example-project/utilities/utilities.go:327.3,327.41 1 1
example-project/utilities/utilities.go:324.17,326.4 1 1
example-project/utilities/utilities.go:329.22,331.17 2 1
example-project/utilities/utilities.go:334.3,335.17 2 1
example-project/utilities/utilities.go:338.3,339.41 2 1
example-project/utilities/utilities.go:331.17,333.4 1 0
example-project/utilities/utilities.go:335.17,337.4 1 0
example-project/utilities/utilities.go:344.123,349.13 5 0
example-project/utilities/utilities.go:358.2,359.11 2 0
example-project/utilities/utilities.go:368.2,370.16 3 0
example-project/utilities/utilities.go:373.2,377.45 3 0
example-project/utilities/utilities.go:349.13,352.17 3 0
example-project/utilities/utilities.go:352.17,354.4 1 0
example-project/utilities/utilities.go:355.8,357.3 1 0
example-project/utilities/utilities.go:359.11,362.17 3 0
example-project/utilities/utilities.go:362.17,364.4 1 0
example-project/utilities/utilities.go:365.8,367.3 1 0
example-project/utilities/utilities.go:370.16,372.3 1 0
example-project/utilities/utilities.go:380.87,385.16 5 0
example-project/utilities/utilities.go:388.2,390.16 3 0
example-project/utilities/utilities.go:393.2,397.31 4 0
example-project/utilities/utilities.go:412.2,412.23 1 0
example-project/utilities/utilities.go:385.16,387.3 1 0
example-project/utilities/utilities.go:390.16,392.3 1 0
example-project/utilities/utilities.go:397.31,400.17 3 0
example-project/utilities/utilities.go:403.3,403.50 1 0
example-project/utilities/utilities.go:400.17,402.4 1 0
example-project/utilities/utilities.go:403.50,404.39 1 0
example-project/utilities/utilities.go:409.4,409.15 1 0
example-project/utilities/utilities.go:404.39,405.154 1 0
example-project/utilities/utilities.go:405.154,406.23 1 0
example-project/utilities/utilities.go:415.121,417.37 2 0
example-project/utilities/utilities.go:433.2,433.40 1 0
example-project/utilities/utilities.go:417.37,422.43 5 0
example-project/utilities/utilities.go:425.3,425.76 1 0
example-project/utilities/utilities.go:428.3,428.39 1 0
example-project/utilities/utilities.go:431.3,431.106 1 0
example-project/utilities/utilities.go:422.43,424.4 1 0
example-project/utilities/utilities.go:425.76,427.4 1 0
example-project/utilities/utilities.go:428.39,430.4 1 0
example-project/service/userService.go:19.76,22.16 2 1
example-project/service/userService.go:25.2,26.16 2 1
example-project/service/userService.go:29.2,29.20 1 1
example-project/service/userService.go:22.16,24.3 1 1
example-project/service/userService.go:26.16,28.3 1 1
example-project/service/userService.go:33.68,35.16 2 1
example-project/service/userService.go:38.2,38.20 1 1
example-project/service/userService.go:35.16,37.3 1 1
example-project/service/userService.go:41.81,43.16 2 1
example-project/service/userService.go:46.2,47.16 2 1
example-project/service/userService.go:50.2,50.20 1 1
example-project/service/userService.go:43.16,45.3 1 1
example-project/service/userService.go:47.16,49.3 1 1
example-project/service/userService.go:53.81,56.16 2 1
example-project/service/userService.go:59.2,59.20 1 1
example-project/service/userService.go:56.16,58.3 1 1
example-project/service/userService.go:62.95,66.28 4 1
example-project/service/userService.go:70.2,71.41 2 1
example-project/service/userService.go:75.2,75.122 1 1
example-project/service/userService.go:78.2,79.16 2 1
example-project/service/userService.go:82.2,84.24 3 1
example-project/service/userService.go:66.28,68.3 1 1
example-project/service/userService.go:71.41,73.3 1 1
example-project/service/userService.go:75.122,77.3 1 1
example-project/service/userService.go:79.16,81.3 1 1
example-project/service/userService.go:87.125,90.29 3 1
example-project/service/userService.go:138.2,140.19 3 1
example-project/service/userService.go:143.2,143.29 1 1
example-project/service/userService.go:90.29,93.50 3 1
example-project/service/userService.go:101.3,102.54 2 1
example-project/service/userService.go:93.50,99.12 6 1
example-project/service/userService.go:102.54,104.18 2 1
example-project/service/userService.go:113.4,114.18 2 1
example-project/service/userService.go:123.4,127.12 5 1
example-project/service/userService.go:104.18,111.13 7 1
example-project/service/userService.go:114.18,121.13 7 1
example-project/service/userService.go:128.9,134.12 6 1
example-project/service/userService.go:140.19,142.3 1 1
example-project/service/userService.go:147.70,149.16 2 1
example-project/service/userService.go:152.2,153.20 2 1
example-project/service/userService.go:149.16,151.3 1 1
example-project/service/userService.go:156.86,159.16 2 1
example-project/service/userService.go:162.2,163.40 2 1
example-project/service/userService.go:166.2,167.19 2 1
example-project/service/userService.go:159.16,161.3 1 1
example-project/service/userService.go:163.40,165.3 1 1
example-project/service/userService.go:189.69,193.16 2 1
example-project/service/userService.go:197.2,197.30 1 1
example-project/service/userService.go:193.16,195.3 1 1
example-project/service/userService.go:200.57,202.30 1 1
example-project/service/userService.go:208.2,208.14 1 1
example-project/service/userService.go:202.30,203.20 1 1
example-project/service/userService.go:203.20,206.4 2 1
example-project/service/userService.go:211.69,215.16 2 1
example-project/service/userService.go:218.2,219.31 2 1
example-project/service/userService.go:224.2,224.16 1 1
example-project/service/userService.go:227.2,228.16 2 1
example-project/service/userService.go:231.2,232.25 2 1
example-project/service/userService.go:215.16,217.3 1 1
example-project/service/userService.go:219.31,220.22 1 1
example-project/service/userService.go:220.22,222.4 1 1
example-project/service/userService.go:224.16,226.3 1 0
example-project/service/userService.go:228.16,230.3 1 0
example-project/service/userService.go:235.81,238.16 2 1
example-project/service/userService.go:241.2,243.31 2 1
example-project/service/userService.go:248.2,249.16 2 1
example-project/service/userService.go:253.2,253.35 1 1
example-project/service/userService.go:238.16,240.3 1 0
example-project/service/userService.go:243.31,244.22 1 1
example-project/service/userService.go:244.22,246.4 1 1
example-project/service/userService.go:249.16,251.3 1 1
example-project/service/userService.go:258.89,261.16 2 1
example-project/service/userService.go:264.2,264.12 1 1
example-project/service/userService.go:261.16,263.3 1 1
example-project/service/userService.go:267.104,271.20 2 1
example-project/service/userService.go:274.2,274.73 1 1
example-project/service/userService.go:271.20,273.3 1 1
example-project/service/proposalService.go:14.80,17.16 2 1
example-project/service/proposalService.go:20.2,20.36 1 1
example-project/service/proposalService.go:25.2,25.20 1 1
example-project/service/proposalService.go:17.16,19.3 1 1
example-project/service/proposalService.go:20.36,23.3 2 1
example-project/service/proposalService.go:28.76,32.16 2 1
example-project/service/proposalService.go:36.2,36.30 1 1
example-project/service/proposalService.go:41.2,41.12 1 1
example-project/service/proposalService.go:32.16,34.3 1 1
example-project/service/proposalService.go:36.30,39.3 2 1
example-project/service/proposalService.go:44.118,47.16 2 1
example-project/service/proposalService.go:51.2,51.52 1 1
example-project/service/proposalService.go:56.2,59.37 4 1
example-project/service/proposalService.go:67.2,68.32 2 1
example-project/service/proposalService.go:76.2,77.20 2 1
example-project/service/proposalService.go:47.16,49.3 1 0
example-project/service/proposalService.go:51.52,54.3 2 1
example-project/service/proposalService.go:59.37,65.3 4 1
example-project/service/proposalService.go:68.32,69.75 1 1
example-project/service/proposalService.go:69.75,71.4 1 1
example-project/service/proposalService.go:71.9,73.4 1 0
example-project/service/proposalService.go:82.130,84.83 1 1
example-project/service/proposalService.go:84.83,87.3 2 1
example-project/service/proposalService.go:87.8,89.3 1 1
example-project/service/proposalService.go:92.93,96.16 3 1
example-project/service/proposalService.go:99.2,99.29 1 1
example-project/service/proposalService.go:126.2,126.31 1 1
example-project/service/proposalService.go:96.16,98.3 1 1
example-project/service/proposalService.go:99.29,109.17 9 1
example-project/service/proposalService.go:112.3,112.26 1 1
example-project/service/proposalService.go:115.3,115.34 1 1
example-project/service/proposalService.go:123.3,123.66 1 1
example-project/service/proposalService.go:109.17,111.4 1 1
example-project/service/proposalService.go:112.26,113.12 1 1
example-project/service/proposalService.go:115.34,116.31 1 1
example-project/service/proposalService.go:119.4,119.31 1 1
example-project/service/proposalService.go:116.31,118.5 1 1
example-project/service/proposalService.go:119.31,121.5 1 1
example-project/service/proposalService.go:129.86,132.16 3 1
example-project/service/proposalService.go:135.2,136.16 2 1
example-project/service/proposalService.go:139.2,140.16 2 1
example-project/service/proposalService.go:144.2,149.48 6 1
example-project/service/proposalService.go:155.2,155.37 1 1
example-project/service/proposalService.go:166.2,169.25 4 1
example-project/service/proposalService.go:132.16,134.3 1 1
example-project/service/proposalService.go:136.16,138.3 1 1
example-project/service/proposalService.go:140.16,142.3 1 1
example-project/service/proposalService.go:149.48,153.3 3 1
example-project/service/proposalService.go:155.37,158.34 2 1
example-project/service/proposalService.go:161.3,161.34 1 1
example-project/service/proposalService.go:158.34,160.4 1 1
example-project/service/proposalService.go:161.34,163.4 1 1
example-project/service/registerService.go:39.72,43.2 1 1
example-project/service/timeEntryService.go:12.70,14.2 1 1
example-project/service/timeEntryService.go:15.101,17.2 1 1
example-project/service/timeEntryService.go:18.73,20.2 1 1
example-project/service/timeEntryService.go:22.83,24.33 1 1
example-project/service/timeEntryService.go:27.2,27.37 1 1
example-project/service/timeEntryService.go:31.2,31.79 1 1
example-project/service/timeEntryService.go:35.2,35.75 1 1
example-project/service/timeEntryService.go:39.2,39.79 1 1
example-project/service/timeEntryService.go:45.2,45.14 1 1
example-project/service/timeEntryService.go:24.33,26.3 1 1
example-project/service/timeEntryService.go:27.37,29.3 1 1
example-project/service/timeEntryService.go:31.79,33.3 1 1
example-project/service/timeEntryService.go:35.75,37.3 1 1
example-project/service/timeEntryService.go:39.79,41.3 1 1
example-project/service/timeEntryService.go:47.84,53.16 3 1
example-project/service/timeEntryService.go:56.2,56.42 1 1
example-project/service/timeEntryService.go:66.2,66.43 1 1
example-project/service/timeEntryService.go:53.16,55.3 1 1
example-project/service/timeEntryService.go:56.42,58.36 1 1
example-project/service/timeEntryService.go:61.3,61.40 1 1
example-project/service/timeEntryService.go:58.36,59.12 1 1
example-project/service/timeEntryService.go:61.40,64.4 2 1
example-project/service/timeEntryService.go:68.89,74.16 3 1
example-project/service/timeEntryService.go:78.2,78.42 1 1
example-project/service/timeEntryService.go:87.2,87.48 1 1
example-project/service/timeEntryService.go:74.16,76.3 1 0
example-project/service/timeEntryService.go:78.42,79.40 1 1
example-project/service/timeEntryService.go:82.3,82.79 1 1
example-project/service/timeEntryService.go:79.40,80.12 1 1
example-project/service/timeEntryService.go:82.79,85.4 2 1
example-project/service/timeEntryService.go:90.100,94.15 3 1
example-project/service/timeEntryService.go:97.2,98.16 2 1
example-project/service/timeEntryService.go:101.2,105.16 4 1
example-project/service/timeEntryService.go:109.2,110.16 2 1
example-project/service/timeEntryService.go:113.2,116.16 3 1
example-project/service/timeEntryService.go:119.2,121.16 2 1
example-project/service/timeEntryService.go:124.2,125.40 2 1
example-project/service/timeEntryService.go:137.2,138.28 2 1
example-project/service/timeEntryService.go:94.15,96.3 1 1
example-project/service/timeEntryService.go:98.16,100.3 1 1
example-project/service/timeEntryService.go:105.16,107.3 1 1
example-project/service/timeEntryService.go:110.16,112.3 1 0
example-project/service/timeEntryService.go:116.16,118.3 1 0
example-project/service/timeEntryService.go:121.16,123.3 1 1
example-project/service/timeEntryService.go:125.40,130.42 5 1
example-project/service/timeEntryService.go:130.42,132.4 1 0
example-project/service/timeEntryService.go:132.9,134.4 1 1
