mode: set
example-project/datasource/databaseClient.go:32.43,40.2 3 0
example-project/datasource/databaseClient.go:42.79,47.16 5 0
example-project/datasource/databaseClient.go:50.2,50.18 1 0
example-project/datasource/databaseClient.go:47.16,49.3 1 0
example-project/datasource/databaseClient.go:53.72,58.16 5 0
example-project/datasource/databaseClient.go:61.2,61.18 1 0
example-project/datasource/databaseClient.go:58.16,60.3 1 0
example-project/datasource/databaseClient.go:64.59,67.16 3 0
example-project/datasource/databaseClient.go:70.2,71.35 2 0
example-project/datasource/databaseClient.go:79.2,79.21 1 0
example-project/datasource/databaseClient.go:83.2,83.19 1 0
example-project/datasource/databaseClient.go:67.16,69.3 1 0
example-project/datasource/databaseClient.go:71.35,74.17 3 0
example-project/datasource/databaseClient.go:77.3,77.30 1 0
example-project/datasource/databaseClient.go:74.17,76.4 1 0
example-project/datasource/databaseClient.go:79.21,82.3 2 0
example-project/datasource/databaseClient.go:86.88,91.16 5 0
example-project/datasource/databaseClient.go:94.2,96.16 3 0
example-project/datasource/databaseClient.go:99.2,100.39 2 0
example-project/datasource/databaseClient.go:109.2,109.25 1 0
example-project/datasource/databaseClient.go:91.16,93.3 1 0
example-project/datasource/databaseClient.go:96.16,98.3 1 0
example-project/datasource/databaseClient.go:100.39,103.17 3 0
example-project/datasource/databaseClient.go:106.3,106.48 1 0
example-project/datasource/databaseClient.go:103.17,105.4 1 0
example-project/datasource/databaseClient.go:113.76,116.16 3 0
example-project/datasource/databaseClient.go:119.2,120.39 2 0
example-project/datasource/databaseClient.go:129.2,129.25 1 0
example-project/datasource/databaseClient.go:116.16,118.3 1 0
example-project/datasource/databaseClient.go:120.39,123.17 3 0
example-project/datasource/databaseClient.go:126.3,126.48 1 0
example-project/datasource/databaseClient.go:123.17,125.4 1 0
example-project/datasource/databaseClient.go:133.67,135.16 2 0
example-project/datasource/databaseClient.go:138.2,138.32 1 0
example-project/datasource/databaseClient.go:135.16,137.3 1 0
example-project/datasource/databaseClient.go:141.91,143.16 2 0
example-project/datasource/databaseClient.go:146.2,146.20 1 0
example-project/datasource/databaseClient.go:143.16,145.3 1 0
example-project/datasource/databaseClient.go:149.72,152.16 3 0
example-project/datasource/databaseClient.go:155.2,155.36 1 0
example-project/datasource/databaseClient.go:159.2,159.26 1 0
example-project/datasource/databaseClient.go:152.16,154.3 1 0
example-project/datasource/databaseClient.go:155.36,158.3 2 0
example-project/datasource/databaseClient.go:162.75,166.16 4 0
example-project/datasource/databaseClient.go:169.2,170.37 2 0
example-project/datasource/databaseClient.go:179.2,179.33 1 0
example-project/datasource/databaseClient.go:182.2,182.25 1 0
example-project/datasource/databaseClient.go:166.16,168.3 1 0
example-project/datasource/databaseClient.go:170.37,174.17 3 0
example-project/datasource/databaseClient.go:177.3,177.46 1 0
example-project/datasource/databaseClient.go:174.17,176.4 1 0
example-project/datasource/databaseClient.go:179.33,181.3 1 0
example-project/datasource/databaseClient.go:185.92,189.16 4 0
example-project/datasource/databaseClient.go:192.2,193.37 2 0
example-project/datasource/databaseClient.go:202.2,202.33 1 0
example-project/datasource/databaseClient.go:205.2,205.25 1 0
example-project/datasource/databaseClient.go:189.16,191.3 1 0
example-project/datasource/databaseClient.go:193.37,197.17 3 0
example-project/datasource/databaseClient.go:200.3,200.46 1 0
example-project/datasource/databaseClient.go:197.17,199.4 1 0
example-project/datasource/databaseClient.go:202.33,204.3 1 0
example-project/datasource/databaseClient.go:208.72,210.16 2 0
example-project/datasource/databaseClient.go:214.2,214.33 1 0
example-project/datasource/databaseClient.go:210.16,213.3 2 0
example-project/datasource/databaseClient.go:217.96,223.16 3 0
example-project/datasource/databaseClient.go:227.2,227.31 1 0
example-project/datasource/databaseClient.go:231.2,231.21 1 0
example-project/datasource/databaseClient.go:223.16,226.3 1 0
example-project/datasource/databaseClient.go:227.31,230.3 2 0
example-project/datasource/databaseClient.go:234.97,237.25 2 0
example-project/datasource/databaseClient.go:241.2,244.27 4 0
example-project/datasource/databaseClient.go:248.2,249.28 2 0
example-project/datasource/databaseClient.go:252.2,252.26 1 0
example-project/datasource/databaseClient.go:255.2,255.23 1 0
example-project/datasource/databaseClient.go:258.2,258.25 1 0
example-project/datasource/databaseClient.go:262.2,266.16 3 0
example-project/datasource/databaseClient.go:270.2,270.20 1 0
example-project/datasource/databaseClient.go:237.25,240.3 2 0
example-project/datasource/databaseClient.go:244.27,247.3 2 0
example-project/datasource/databaseClient.go:249.28,251.3 1 0
example-project/datasource/databaseClient.go:252.26,254.3 1 0
example-project/datasource/databaseClient.go:255.23,257.3 1 0
example-project/datasource/databaseClient.go:258.25,260.3 1 0
example-project/datasource/databaseClient.go:266.16,269.3 1 0
example-project/datasource/databaseClient.go:273.77,276.16 2 0
example-project/datasource/databaseClient.go:279.2,279.20 1 0
example-project/datasource/databaseClient.go:276.16,278.3 1 0
example-project/datasource/databaseClient.go:282.90,285.25 2 0
example-project/datasource/databaseClient.go:289.2,292.16 4 0
example-project/datasource/databaseClient.go:295.2,297.26 2 0
example-project/datasource/databaseClient.go:302.2,302.25 1 0
example-project/datasource/databaseClient.go:307.2,307.28 1 0
example-project/datasource/databaseClient.go:312.2,312.33 1 0
example-project/datasource/databaseClient.go:317.2,317.31 1 0
example-project/datasource/databaseClient.go:321.2,321.26 1 0
example-project/datasource/databaseClient.go:326.2,331.16 3 0
example-project/datasource/databaseClient.go:335.2,335.20 1 0
example-project/datasource/databaseClient.go:285.25,288.3 2 0
example-project/datasource/databaseClient.go:292.16,294.3 1 0
example-project/datasource/databaseClient.go:297.26,300.3 2 0
example-project/datasource/databaseClient.go:302.25,305.3 2 0
example-project/datasource/databaseClient.go:307.28,310.3 2 0
example-project/datasource/databaseClient.go:312.33,315.3 2 0
example-project/datasource/databaseClient.go:317.31,320.3 2 0
example-project/datasource/databaseClient.go:321.26,324.3 2 0
example-project/datasource/databaseClient.go:331.16,334.3 1 0
example-project/datasource/databaseClient.go:337.63,342.16 4 0
example-project/datasource/databaseClient.go:345.2,345.35 1 0
example-project/datasource/databaseClient.go:353.2,353.20 1 0
example-project/datasource/databaseClient.go:342.16,344.3 1 0
example-project/datasource/databaseClient.go:345.35,348.17 3 0
example-project/datasource/databaseClient.go:351.3,351.47 1 0
example-project/datasource/databaseClient.go:348.17,350.4 1 0
example-project/datasource/databaseClient.go:355.94,361.16 3 0
example-project/datasource/databaseClient.go:365.2,365.31 1 0
example-project/datasource/databaseClient.go:369.2,369.34 1 0
example-project/datasource/databaseClient.go:361.16,364.3 1 0
example-project/datasource/databaseClient.go:365.31,368.3 2 0
example-project/datasource/databaseClient.go:371.62,377.16 4 0
example-project/datasource/databaseClient.go:380.2,380.35 1 0
example-project/datasource/databaseClient.go:393.2,393.25 1 0
example-project/datasource/databaseClient.go:377.16,379.3 1 0
example-project/datasource/databaseClient.go:380.35,383.17 3 0
example-project/datasource/databaseClient.go:386.3,386.47 1 0
example-project/datasource/databaseClient.go:383.17,385.4 1 0
example-project/handler/handler.go:53.60,57.2 1 1
example-project/handler/handler.go:58.55,63.16 3 1
example-project/handler/handler.go:69.2,71.16 2 1
example-project/handler/handler.go:77.2,77.33 1 1
example-project/handler/handler.go:63.16,68.3 2 1
example-project/handler/handler.go:71.16,76.3 2 1
example-project/handler/handler.go:79.62,81.9 2 1
example-project/handler/handler.go:88.2,89.16 2 1
example-project/handler/handler.go:95.2,96.2 2 0
example-project/handler/handler.go:99.2,99.39 1 0
example-project/handler/handler.go:81.9,86.3 2 1
example-project/handler/handler.go:89.16,94.3 2 1
example-project/handler/handler.go:96.2,98.3 1 0
example-project/handler/handler.go:103.62,105.9 2 1
example-project/handler/handler.go:109.2,110.21 2 1
example-project/handler/handler.go:114.2,116.16 3 1
example-project/handler/handler.go:122.2,123.16 2 1
example-project/handler/handler.go:127.2,127.27 1 1
example-project/handler/handler.go:105.9,108.3 2 1
example-project/handler/handler.go:110.21,113.3 2 1
example-project/handler/handler.go:116.16,121.3 2 1
example-project/handler/handler.go:123.16,126.3 2 0
example-project/handler/handler.go:129.53,131.9 2 1
example-project/handler/handler.go:138.2,140.2 3 1
example-project/handler/handler.go:143.2,143.33 1 1
example-project/handler/handler.go:131.9,136.3 2 1
example-project/handler/handler.go:140.2,142.3 1 1
example-project/handler/handler.go:148.56,151.9 2 1
example-project/handler/handler.go:158.2,160.9 2 0
example-project/handler/handler.go:167.2,169.16 2 0
example-project/handler/handler.go:176.2,178.16 2 0
example-project/handler/handler.go:184.2,184.33 1 0
example-project/handler/handler.go:151.9,157.3 2 1
example-project/handler/handler.go:160.9,166.3 2 0
example-project/handler/handler.go:169.16,175.3 2 0
example-project/handler/handler.go:178.16,183.3 2 0
example-project/handler/handler.go:189.56,192.16 2 1
example-project/handler/handler.go:198.2,199.8 2 1
example-project/handler/handler.go:192.16,197.3 2 1
example-project/handler/handler.go:202.55,204.9 2 1
example-project/handler/handler.go:210.2,211.16 2 1
example-project/handler/handler.go:217.2,218.8 2 1
example-project/handler/handler.go:204.9,209.3 2 1
example-project/handler/handler.go:211.16,216.3 2 1
example-project/handler/handler.go:222.58,224.16 2 1
example-project/handler/handler.go:230.2,231.8 2 1
example-project/handler/handler.go:224.16,229.3 2 1
example-project/handler/handler.go:235.61,238.22 3 1
example-project/handler/handler.go:244.2,244.10 1 1
example-project/handler/handler.go:254.2,254.12 1 1
example-project/handler/handler.go:238.22,243.3 2 1
example-project/handler/handler.go:244.10,246.17 2 1
example-project/handler/handler.go:252.3,252.32 1 1
example-project/handler/handler.go:246.17,251.4 2 1
example-project/handler/handler.go:254.12,256.17 2 1
example-project/handler/handler.go:262.3,262.32 1 1
example-project/handler/handler.go:256.17,261.4 2 1
example-project/handler/handler.go:267.58,272.16 5 1
example-project/handler/handler.go:278.2,279.16 2 1
example-project/handler/handler.go:285.2,285.36 1 1
example-project/handler/handler.go:272.16,277.3 2 1
example-project/handler/handler.go:279.16,284.3 2 1
example-project/handler/handler.go:288.58,294.16 6 1
example-project/handler/handler.go:313.2,315.16 3 1
example-project/handler/handler.go:322.2,323.8 2 1
example-project/handler/handler.go:294.16,296.17 2 1
example-project/handler/handler.go:302.3,303.17 2 1
example-project/handler/handler.go:310.3,311.9 2 1
example-project/handler/handler.go:296.17,301.4 2 1
example-project/handler/handler.go:303.17,309.4 2 1
example-project/handler/handler.go:315.16,321.3 2 1
example-project/handler/handler.go:326.58,328.9 2 1
example-project/handler/handler.go:334.2,335.16 2 1
example-project/handler/handler.go:341.2,341.31 1 1
example-project/handler/handler.go:328.9,333.3 2 1
example-project/handler/handler.go:335.16,340.3 2 1
example-project/handler/handler.go:344.57,349.16 5 1
example-project/handler/handler.go:355.2,356.16 2 1
example-project/handler/handler.go:362.2,364.4 1 1
example-project/handler/handler.go:349.16,354.3 2 1
example-project/handler/handler.go:356.16,361.3 2 1
example-project/handler/handler.go:383.60,385.23 2 1
example-project/handler/handler.go:391.2,394.16 4 1
example-project/handler/handler.go:400.2,402.4 1 1
example-project/handler/handler.go:385.23,390.3 2 1
example-project/handler/handler.go:394.16,399.3 2 1
example-project/handler/handler.go:407.55,412.16 3 1
example-project/handler/handler.go:419.2,419.31 1 1
example-project/handler/handler.go:412.16,417.3 2 1
example-project/handler/handler.go:421.61,424.23 2 1
example-project/handler/handler.go:430.2,433.16 4 1
example-project/handler/handler.go:439.2,443.16 4 1
example-project/handler/handler.go:449.2,450.8 2 1
example-project/handler/handler.go:424.23,429.3 2 1
example-project/handler/handler.go:433.16,438.3 2 1
example-project/handler/handler.go:443.16,448.3 2 0
example-project/handler/handler.go:455.62,459.11 2 1
example-project/handler/handler.go:466.2,468.13 2 1
example-project/handler/handler.go:476.2,477.24 2 1
example-project/handler/handler.go:483.2,483.27 1 1
example-project/handler/handler.go:459.11,464.3 2 1
example-project/handler/handler.go:468.13,474.3 3 1
example-project/handler/handler.go:477.24,482.3 2 1
example-project/handler/handler.go:486.63,488.11 2 1
example-project/handler/handler.go:496.2,497.16 2 1
example-project/handler/handler.go:504.2,505.8 2 1
example-project/handler/handler.go:488.11,494.3 3 1
example-project/handler/handler.go:497.16,502.3 2 1
example-project/handler/handler.go:509.63,511.9 2 1
example-project/handler/handler.go:518.2,520.16 3 1
example-project/handler/handler.go:527.2,528.16 2 1
example-project/handler/handler.go:534.2,534.23 1 1
example-project/handler/handler.go:511.9,516.3 2 1
example-project/handler/handler.go:520.16,525.3 2 1
example-project/handler/handler.go:528.16,533.3 2 1
example-project/handler/handler.go:537.63,540.13 2 1
example-project/handler/handler.go:548.2,550.16 3 1
example-project/handler/handler.go:557.2,559.16 2 1
example-project/handler/handler.go:565.2,565.23 1 1
example-project/handler/handler.go:540.13,546.3 3 1
example-project/handler/handler.go:550.16,555.3 2 1
example-project/handler/handler.go:559.16,564.3 2 1
example-project/handler/handler.go:568.63,571.16 2 1
example-project/handler/handler.go:577.2,577.31 1 1
example-project/handler/handler.go:571.16,576.3 2 1
example-project/handler/handler.go:580.64,582.15 2 1
example-project/handler/handler.go:588.2,589.16 2 1
example-project/handler/handler.go:595.2,595.31 1 1
example-project/handler/handler.go:582.15,587.3 2 1
example-project/handler/handler.go:589.16,594.3 2 1
example-project/middleware/middleware.go:11.59,18.30 7 1
example-project/middleware/middleware.go:22.2,23.15 2 1
example-project/middleware/middleware.go:18.30,20.3 1 1
example-project/middleware/middleware.go:26.71,31.30 3 1
example-project/middleware/middleware.go:31.30,33.3 1 1
example-project/service/userService.go:19.76,22.16 2 1
example-project/service/userService.go:25.2,26.16 2 1
example-project/service/userService.go:29.2,29.20 1 1
example-project/service/userService.go:22.16,24.3 1 1
example-project/service/userService.go:26.16,28.3 1 1
example-project/service/userService.go:33.68,35.16 2 1
example-project/service/userService.go:38.2,38.20 1 1
example-project/service/userService.go:35.16,37.3 1 1
example-project/service/userService.go:41.81,43.16 2 1
example-project/service/userService.go:46.2,47.16 2 1
example-project/service/userService.go:50.2,50.20 1 1
example-project/service/userService.go:43.16,45.3 1 1
example-project/service/userService.go:47.16,49.3 1 1
example-project/service/userService.go:53.81,56.16 2 1
example-project/service/userService.go:59.2,59.20 1 1
example-project/service/userService.go:56.16,58.3 1 1
example-project/service/userService.go:62.95,66.28 4 1
example-project/service/userService.go:70.2,71.41 2 1
example-project/service/userService.go:75.2,75.122 1 1
example-project/service/userService.go:78.2,79.16 2 1
example-project/service/userService.go:82.2,84.24 3 1
example-project/service/userService.go:66.28,68.3 1 1
example-project/service/userService.go:71.41,73.3 1 1
example-project/service/userService.go:75.122,77.3 1 1
example-project/service/userService.go:79.16,81.3 1 1
example-project/service/userService.go:87.125,90.29 3 1
example-project/service/userService.go:138.2,140.19 3 1
example-project/service/userService.go:143.2,143.29 1 1
example-project/service/userService.go:90.29,93.50 3 1
example-project/service/userService.go:101.3,102.54 2 1
example-project/service/userService.go:93.50,99.12 6 1
example-project/service/userService.go:102.54,104.18 2 1
example-project/service/userService.go:113.4,114.18 2 1
example-project/service/userService.go:123.4,127.12 5 1
example-project/service/userService.go:104.18,111.13 7 1
example-project/service/userService.go:114.18,121.13 7 1
example-project/service/userService.go:128.9,134.12 6 1
example-project/service/userService.go:140.19,142.3 1 1
example-project/service/userService.go:147.70,149.16 2 1
example-project/service/userService.go:152.2,153.20 2 1
example-project/service/userService.go:149.16,151.3 1 1
example-project/service/userService.go:156.86,159.16 2 1
example-project/service/userService.go:162.2,163.40 2 1
example-project/service/userService.go:166.2,167.19 2 1
example-project/service/userService.go:159.16,161.3 1 1
example-project/service/userService.go:163.40,165.3 1 1
example-project/service/userService.go:189.69,193.16 2 1
example-project/service/userService.go:197.2,197.30 1 1
example-project/service/userService.go:193.16,195.3 1 1
example-project/service/userService.go:200.57,202.30 1 1
example-project/service/userService.go:208.2,208.14 1 1
example-project/service/userService.go:202.30,203.20 1 1
example-project/service/userService.go:203.20,206.4 2 1
example-project/service/userService.go:211.69,215.16 2 1
example-project/service/userService.go:218.2,219.31 2 1
example-project/service/userService.go:224.2,224.16 1 1
example-project/service/userService.go:227.2,228.16 2 1
example-project/service/userService.go:231.2,232.25 2 1
example-project/service/userService.go:215.16,217.3 1 1
example-project/service/userService.go:219.31,220.22 1 1
example-project/service/userService.go:220.22,222.4 1 1
example-project/service/userService.go:224.16,226.3 1 0
example-project/service/userService.go:228.16,230.3 1 0
example-project/service/userService.go:235.81,238.16 2 1
example-project/service/userService.go:241.2,243.31 2 1
example-project/service/userService.go:248.2,249.16 2 1
example-project/service/userService.go:253.2,253.35 1 1
example-project/service/userService.go:238.16,240.3 1 0
example-project/service/userService.go:243.31,244.22 1 1
example-project/service/userService.go:244.22,246.4 1 1
example-project/service/userService.go:249.16,251.3 1 1
example-project/service/userService.go:258.89,261.16 2 1
example-project/service/userService.go:264.2,264.12 1 1
example-project/service/userService.go:261.16,263.3 1 1
example-project/service/userService.go:267.104,271.20 2 1
example-project/service/userService.go:274.2,274.73 1 1
example-project/service/userService.go:271.20,273.3 1 1
example-project/service/proposalService.go:15.80,18.16 2 1
example-project/service/proposalService.go:21.2,21.36 1 1
example-project/service/proposalService.go:26.2,26.20 1 1
example-project/service/proposalService.go:18.16,20.3 1 1
example-project/service/proposalService.go:21.36,24.3 2 1
example-project/service/proposalService.go:29.76,33.16 2 1
example-project/service/proposalService.go:37.2,37.30 1 1
example-project/service/proposalService.go:42.2,42.12 1 1
example-project/service/proposalService.go:33.16,35.3 1 1
example-project/service/proposalService.go:37.30,40.3 2 1
example-project/service/proposalService.go:45.118,48.16 2 1
example-project/service/proposalService.go:52.2,52.52 1 1
example-project/service/proposalService.go:57.2,60.37 4 1
example-project/service/proposalService.go:70.2,71.32 2 1
example-project/service/proposalService.go:79.2,80.20 2 0
example-project/service/proposalService.go:48.16,50.3 1 0
example-project/service/proposalService.go:52.52,55.3 2 1
example-project/service/proposalService.go:60.37,68.3 6 1
example-project/service/proposalService.go:71.32,72.75 1 1
example-project/service/proposalService.go:72.75,74.4 1 0
example-project/service/proposalService.go:74.9,76.4 1 1
example-project/service/proposalService.go:85.130,87.83 1 1
example-project/service/proposalService.go:87.83,90.3 2 1
example-project/service/proposalService.go:90.8,92.3 1 1
example-project/service/proposalService.go:95.93,99.16 3 1
example-project/service/proposalService.go:102.2,102.29 1 1
example-project/service/proposalService.go:129.2,129.31 1 1
example-project/service/proposalService.go:99.16,101.3 1 1
example-project/service/proposalService.go:102.29,112.17 9 1
example-project/service/proposalService.go:115.3,115.26 1 1
example-project/service/proposalService.go:118.3,118.34 1 1
example-project/service/proposalService.go:126.3,126.66 1 1
example-project/service/proposalService.go:112.17,114.4 1 1
example-project/service/proposalService.go:115.26,116.12 1 1
example-project/service/proposalService.go:118.34,119.31 1 1
example-project/service/proposalService.go:122.4,122.31 1 1
example-project/service/proposalService.go:119.31,121.5 1 1
example-project/service/proposalService.go:122.31,124.5 1 1
example-project/service/proposalService.go:132.86,135.16 3 1
example-project/service/proposalService.go:138.2,139.16 2 1
example-project/service/proposalService.go:142.2,143.16 2 1
example-project/service/proposalService.go:147.2,152.48 6 1
example-project/service/proposalService.go:158.2,158.37 1 1
example-project/service/proposalService.go:177.2,180.25 4 1
example-project/service/proposalService.go:135.16,137.3 1 1
example-project/service/proposalService.go:139.16,141.3 1 1
example-project/service/proposalService.go:143.16,145.3 1 1
example-project/service/proposalService.go:152.48,156.3 3 1
example-project/service/proposalService.go:158.37,161.17 3 1
example-project/service/proposalService.go:164.3,165.17 2 1
example-project/service/proposalService.go:168.3,169.34 2 1
example-project/service/proposalService.go:172.3,172.34 1 1
example-project/service/proposalService.go:161.17,163.4 1 1
example-project/service/proposalService.go:165.17,167.4 1 1
example-project/service/proposalService.go:169.34,171.4 1 1
example-project/service/proposalService.go:172.34,174.4 1 1
example-project/service/registerService.go:38.72,42.2 1 1
example-project/service/timeEntryService.go:9.70,11.2 1 1
example-project/service/timeEntryService.go:12.101,14.2 1 1
example-project/service/timeEntryService.go:15.73,17.2 1 1
example-project/service/timeEntryService.go:19.83,21.33 1 1
example-project/service/timeEntryService.go:24.2,24.37 1 1
example-project/service/timeEntryService.go:28.2,28.79 1 1
example-project/service/timeEntryService.go:32.2,32.75 1 1
example-project/service/timeEntryService.go:36.2,36.79 1 1
example-project/service/timeEntryService.go:42.2,42.14 1 1
example-project/service/timeEntryService.go:21.33,23.3 1 1
example-project/service/timeEntryService.go:24.37,26.3 1 1
example-project/service/timeEntryService.go:28.79,30.3 1 1
example-project/service/timeEntryService.go:32.75,34.3 1 1
example-project/service/timeEntryService.go:36.79,38.3 1 1
example-project/service/timeEntryService.go:44.84,50.16 3 1
example-project/service/timeEntryService.go:53.2,53.42 1 1
example-project/service/timeEntryService.go:63.2,63.43 1 1
example-project/service/timeEntryService.go:50.16,52.3 1 1
example-project/service/timeEntryService.go:53.42,55.36 1 1
example-project/service/timeEntryService.go:58.3,58.40 1 1
example-project/service/timeEntryService.go:55.36,56.12 1 1
example-project/service/timeEntryService.go:58.40,61.4 2 1
example-project/service/timeEntryService.go:65.89,71.16 3 1
example-project/service/timeEntryService.go:75.2,75.42 1 1
example-project/service/timeEntryService.go:86.2,86.48 1 1
example-project/service/timeEntryService.go:71.16,73.3 1 0
example-project/service/timeEntryService.go:75.42,77.40 1 1
example-project/service/timeEntryService.go:80.3,80.79 1 1
example-project/service/timeEntryService.go:77.40,78.12 1 1
example-project/service/timeEntryService.go:80.79,83.4 2 1
example-project/service/timeEntryService.go:89.85,94.16 3 1
example-project/service/timeEntryService.go:97.2,97.40 1 1
example-project/service/timeEntryService.go:113.2,113.15 1 1
example-project/service/timeEntryService.go:94.16,96.3 1 1
example-project/service/timeEntryService.go:97.40,98.33 1 1
example-project/service/timeEntryService.go:101.3,102.42 2 1
example-project/service/timeEntryService.go:98.33,99.12 1 1
example-project/service/timeEntryService.go:102.42,108.4 1 0
example-project/service/timeEntryService.go:108.9,110.4 1 1
example-project/utilities/utilities.go:18.90,19.24 1 1
example-project/utilities/utilities.go:40.2,40.14 1 1
example-project/utilities/utilities.go:19.24,22.34 2 1
example-project/utilities/utilities.go:25.3,25.153 1 1
example-project/utilities/utilities.go:29.3,29.65 1 1
example-project/utilities/utilities.go:32.3,32.65 1 1
example-project/utilities/utilities.go:35.3,35.65 1 1
example-project/utilities/utilities.go:22.34,24.4 1 1
example-project/utilities/utilities.go:25.153,27.4 1 1
example-project/utilities/utilities.go:29.65,31.4 1 1
example-project/utilities/utilities.go:32.65,34.4 1 1
example-project/utilities/utilities.go:35.65,37.4 1 0
example-project/utilities/utilities.go:43.57,44.24 1 1
example-project/utilities/utilities.go:50.2,50.14 1 1
example-project/utilities/utilities.go:44.24,46.73 2 1
example-project/utilities/utilities.go:46.73,48.4 1 1
example-project/utilities/utilities.go:53.64,54.146 1 1
example-project/utilities/utilities.go:58.2,58.146 1 1
example-project/utilities/utilities.go:62.2,62.14 1 1
example-project/utilities/utilities.go:54.146,56.3 1 1
example-project/utilities/utilities.go:58.146,60.3 1 1
example-project/utilities/utilities.go:65.76,77.2 6 1
example-project/utilities/utilities.go:79.90,82.28 2 1
example-project/utilities/utilities.go:104.2,104.23 1 1
example-project/utilities/utilities.go:82.28,85.27 3 1
example-project/utilities/utilities.go:88.3,97.17 2 1
example-project/utilities/utilities.go:101.3,101.45 1 1
example-project/utilities/utilities.go:85.27,87.4 1 0
example-project/utilities/utilities.go:97.17,100.4 2 0
example-project/utilities/utilities.go:107.54,116.2 4 1
example-project/utilities/utilities.go:118.69,120.97 2 1
example-project/utilities/utilities.go:123.2,123.16 1 1
example-project/utilities/utilities.go:126.2,126.29 1 0
example-project/utilities/utilities.go:120.97,122.3 1 0
example-project/utilities/utilities.go:123.16,125.3 1 1
example-project/utilities/utilities.go:129.87,133.6 2 1
example-project/utilities/utilities.go:170.2,170.27 1 1
example-project/utilities/utilities.go:173.2,176.20 2 1
example-project/utilities/utilities.go:133.6,134.10 1 1
example-project/utilities/utilities.go:135.29,137.23 2 1
example-project/utilities/utilities.go:138.28,140.22 2 1
example-project/utilities/utilities.go:141.25,143.19 2 1
example-project/utilities/utilities.go:144.24,146.18 2 1
example-project/utilities/utilities.go:147.35,149.29 2 1
example-project/utilities/utilities.go:150.31,152.25 2 1
example-project/utilities/utilities.go:153.28,155.22 2 1
example-project/utilities/utilities.go:156.28,158.22 2 1
example-project/utilities/utilities.go:159.49,161.19 2 1
example-project/utilities/utilities.go:162.32,164.30 2 1
example-project/utilities/utilities.go:165.11,166.18 1 1
example-project/utilities/utilities.go:170.27,172.3 1 1
example-project/utilities/utilities.go:179.51,181.23 2 1
example-project/utilities/utilities.go:191.2,191.13 1 1
example-project/utilities/utilities.go:181.23,183.85 1 1
example-project/utilities/utilities.go:188.3,188.36 1 1
example-project/utilities/utilities.go:183.85,187.4 2 1
example-project/utilities/utilities.go:194.82,199.12 5 1
example-project/utilities/utilities.go:202.2,203.14 2 1
example-project/utilities/utilities.go:206.2,207.15 2 1
example-project/utilities/utilities.go:215.2,215.21 1 1
example-project/utilities/utilities.go:199.12,201.3 1 1
example-project/utilities/utilities.go:203.14,205.3 1 1
example-project/utilities/utilities.go:207.15,208.29 1 1
example-project/utilities/utilities.go:211.3,211.29 1 1
example-project/utilities/utilities.go:208.29,210.4 1 1
example-project/utilities/utilities.go:211.29,213.4 1 1
